Build started 2/25/2016 12:05:34 AM.
     1>Project "D:\cpp\CardManage\Launch\Launch.vcxproj" on node 2 (Build target(s)).
     1>CustomBuild:
         Uic'ing home.ui...
       ClCompile:
         D:\software\Microsoft Visual Studio 12.0\VC\bin\CL.exe /c /I.\GeneratedFiles /I. /IF:\software\Qt5.5.1\5.5\msvc2013\include /I.\GeneratedFiles\Debug /IF:\software\Qt5.5.1\5.5\msvc2013\include\QtCore /IF:\software\Qt5.5.1\5.5\msvc2013\include\QtGui /IF:\software\Qt5.5.1\5.5\msvc2013\include\QtWidgets /Zi /nologo /W1 /WX- /Od /Oy- /D UNICODE /D WIN32 /D WIN64 /D QT_DLL /D QT_CORE_LIB /D QT_GUI_LIB /D QT_WIDGETS_LIB /Gm- /EHsc /MDd /GS /fp:precise /Zc:wchar_t /Zc:forScope /Fo"Debug\\" /Fd"Debug\vc120.pdb" /Gd /TP /analyze- /errorReport:prompt GeneratedFiles\Debug\moc_home.cpp home.cpp main.cpp
         moc_home.cpp
         home.cpp
         main.cpp
         Generating Code...
       Link:
         D:\software\Microsoft Visual Studio 12.0\VC\bin\link.exe /ERRORREPORT:PROMPT /OUT:"D:\cpp\CardManage\Win32\Debug\\Launch.exe" /NOLOGO /LIBPATH:F:\software\Qt5.5.1\5.5\msvc2013\lib qtmaind.lib Qt5Cored.lib Qt5Guid.lib Qt5Widgetsd.lib kernel32.lib user32.lib gdi32.lib winspool.lib comdlg32.lib advapi32.lib shell32.lib ole32.lib oleaut32.lib uuid.lib odbc32.lib odbccp32.lib /MANIFEST /MANIFESTUAC:"level='asInvoker' uiAccess='false'" /manifest:embed /DEBUG /PDB:"D:\cpp\CardManage\Win32\Debug\Launch.pdb" /SUBSYSTEM:WINDOWS /TLBID:1 /DYNAMICBASE /NXCOMPAT /IMPLIB:"D:\cpp\CardManage\Win32\Debug\Launch.lib" /MACHINE:X86 /SAFESEH Debug\moc_home.obj
         Debug\qrc_home.obj
         Debug\home.obj
         Debug\main.obj
         Debug\sqlite3.obj
         Launch.vcxproj -> D:\cpp\CardManage\Win32\Debug\Launch.exe
     1>Done Building Project "D:\cpp\CardManage\Launch\Launch.vcxproj" (Build target(s)).

Build succeeded.

Time Elapsed 00:00:03.27
