d:\cpp\cardmanage\launch\debug\vc120.pdb
d:\cpp\cardmanage\launch\debug\main.obj
d:\cpp\cardmanage\launch\debug\home.obj
d:\cpp\cardmanage\launch\debug\moc_home.obj
d:\cpp\cardmanage\launch\debug\qrc_home.obj
d:\cpp\cardmanage\launch\generatedfiles\debug\moc_home.cpp
d:\cpp\cardmanage\launch\generatedfiles\ui_home.h
d:\cpp\cardmanage\launch\generatedfiles\qrc_home.cpp
d:\cpp\cardmanage\win32\debug\launch.pdb
d:\cpp\cardmanage\launch\debug\launch.tlog\cl.command.1.tlog
d:\cpp\cardmanage\launch\debug\launch.tlog\cl.read.1.tlog
d:\cpp\cardmanage\launch\debug\launch.tlog\cl.write.1.tlog
d:\cpp\cardmanage\launch\debug\launch.tlog\custombuild.command.1.tlog
d:\cpp\cardmanage\launch\debug\launch.tlog\custombuild.read.1.tlog
d:\cpp\cardmanage\launch\debug\launch.tlog\custombuild.write.1.tlog
d:\cpp\cardmanage\launch\debug\launch.tlog\link-cvtres.read.1.tlog
d:\cpp\cardmanage\launch\debug\launch.tlog\link-cvtres.write.1.tlog
d:\cpp\cardmanage\launch\debug\launch.tlog\link-rc.read.1.tlog
d:\cpp\cardmanage\launch\debug\launch.tlog\link-rc.write.1.tlog
d:\cpp\cardmanage\launch\debug\launch.tlog\link.command.1.tlog
d:\cpp\cardmanage\launch\debug\launch.tlog\link.read.1.tlog
d:\cpp\cardmanage\launch\debug\launch.tlog\link.write.1.tlog
